{"component":"user-service","level":"error","message":"Username doesn't existed in the db","timestamp":"10-06-2023 03:46:35"}
{"component":"user-service","level":"error","message":"Username doesn't existed in the db","timestamp":"10-06-2023 03:46:35"}
{"component":"user-service","level":"info","message":"auth successfully with admin","timestamp":"10-06-2023 03:46:39"}
{"component":"user-service","level":"info","message":"auth successfully with admin","timestamp":"10-06-2023 03:46:40"}
{"component":"user-service","level":"error","message":"Username doesn't existed in the db","timestamp":"10-06-2023 12:35:31"}
{"component":"user-service","level":"error","message":"Username doesn't existed in the db","timestamp":"10-06-2023 12:35:31"}
{"component":"user-service","level":"info","message":"auth successfully with admin","timestamp":"10-06-2023 12:35:37"}
{"component":"user-service","level":"info","message":"auth successfully with admin","timestamp":"10-06-2023 12:35:38"}
{"component":"user-service","level":"error","message":"Username doesn't existed in the db","timestamp":"10-06-2023 12:35:48"}
{"component":"user-service","level":"error","message":"Username doesn't existed in the db","timestamp":"10-06-2023 12:36:16"}
{"component":"user-service","level":"error","message":"Username doesn't existed in the db","timestamp":"10-06-2023 12:36:16"}
{"component":"user-service","level":"info","message":"auth successfully with admin1101V","timestamp":"10-06-2023 12:36:20"}
{"component":"user-service","level":"info","message":"auth successfully with admin1101V","timestamp":"10-06-2023 12:36:21"}
{"component":"user-service","level":"error","message":"Username doesn't existed in the db","timestamp":"10-06-2023 13:14:12"}
{"component":"user-service","level":"error","message":"Username doesn't existed in the db","timestamp":"10-06-2023 13:14:12"}
{"component":"user-service","level":"error","message":"Username doesn't existed in the db","timestamp":"11-06-2023 06:46:51"}
{"component":"user-service","level":"error","message":"Username doesn't existed in the db","timestamp":"11-06-2023 06:46:51"}
{"component":"user-service","level":"info","message":"auth successfully with admin1101V","timestamp":"11-06-2023 06:47:13"}
{"component":"user-service","level":"info","message":"auth successfully with admin1101V","timestamp":"11-06-2023 06:47:14"}
{"component":"user-service","level":"error","message":"Username doesn't existed in the db","timestamp":"11-06-2023 12:40:34"}
{"component":"user-service","level":"error","message":"Username doesn't existed in the db","timestamp":"11-06-2023 12:40:34"}
{"component":"user-service","level":"info","message":"auth successfully with admin1101V","timestamp":"11-06-2023 12:40:41"}
{"component":"user-service","level":"info","message":"auth successfully with admin1101V","timestamp":"11-06-2023 12:40:41"}
{"component":"user-service","level":"info","message":"Not enough information!","timestamp":"11-06-2023 13:08:14"}
{"component":"user-service","level":"info","message":"Not enough information!","timestamp":"11-06-2023 13:08:17"}
{"component":"user-service","level":"info","message":"Not enough information!","timestamp":"11-06-2023 13:08:18"}
{"component":"user-service","level":"info","message":"Not enough information!","timestamp":"11-06-2023 13:08:20"}
{"component":"user-service","level":"error","message":"Username doesn't existed in the db","timestamp":"11-06-2023 13:41:51"}
{"component":"user-service","level":"error","message":"Username doesn't existed in the db","timestamp":"11-06-2023 13:41:51"}
{"component":"user-service","level":"info","message":"auth successfully with admin1101V","timestamp":"11-06-2023 13:41:56"}
{"component":"user-service","level":"info","message":"auth successfully with admin1101V","timestamp":"11-06-2023 13:41:56"}
{"component":"user-service","level":"info","message":"Not enough information!","timestamp":"11-06-2023 13:49:49"}
{"component":"user-service","level":"info","message":"Not enough information!","timestamp":"11-06-2023 13:52:40"}
{"component":"user-service","level":"info","message":"Not enough information!","timestamp":"11-06-2023 13:56:16"}
{"component":"user-service","level":"info","message":"Not enough information!","timestamp":"11-06-2023 13:57:54"}
{"component":"user-service","level":"info","message":"Not enough information!","timestamp":"11-06-2023 14:05:35"}
{"component":"user-service","level":"info","message":"Not enough information!","timestamp":"11-06-2023 14:05:51"}
{"component":"user-service","level":"info","message":"Not enough information!","timestamp":"11-06-2023 14:06:18"}
{"component":"user-service","level":"info","message":"Not enough information!","timestamp":"11-06-2023 14:09:08"}
{"component":"user-service","level":"info","message":"Can't find car with given license plate. Please note that the licensePlate must be correct","timestamp":"11-06-2023 14:13:26"}
{"component":"user-service","level":"info","message":"Can't find car with given license plate. Please note that the licensePlate must be correct","timestamp":"11-06-2023 14:13:55"}
{"component":"user-service","level":"info","message":"Not enough information!","timestamp":"11-06-2023 14:14:16"}
{"component":"user-service","level":"info","message":"Not enough information!","timestamp":"11-06-2023 14:17:10"}
{"component":"user-service","level":"info","message":"Not enough information!","timestamp":"11-06-2023 14:17:14"}
{"component":"user-service","level":"info","message":"Not enough information!","timestamp":"11-06-2023 14:19:19"}
{"component":"user-service","level":"info","message":"Not enough information!","timestamp":"11-06-2023 14:19:35"}
{"component":"user-service","level":"error","message":"Username doesn't existed in the db","timestamp":"11-06-2023 17:26:30"}
{"component":"user-service","level":"error","message":"Username doesn't existed in the db","timestamp":"11-06-2023 17:26:30"}
{"component":"user-service","level":"info","message":"auth successfully with admin1101V","timestamp":"11-06-2023 17:26:35"}
{"component":"user-service","level":"info","message":"auth successfully with admin1101V","timestamp":"11-06-2023 17:26:35"}
{"component":"user-service","level":"info","message":"Not enough information to create a car","timestamp":"11-06-2023 17:37:06"}
{"component":"user-service","level":"info","message":"Not enough information to create a car","timestamp":"11-06-2023 17:38:52"}
{"component":"user-service","level":"info","message":"Not enough information to create a car","timestamp":"11-06-2023 17:39:41"}
{"component":"user-service","level":"info","message":"Not enough information to create a car","timestamp":"11-06-2023 17:39:56"}
{"component":"user-service","level":"info","message":"Not enough information to create a car","timestamp":"11-06-2023 17:40:22"}
{"component":"user-service","level":"info","message":"Not enough information to create a car","timestamp":"11-06-2023 17:40:26"}
{"component":"user-service","level":"info","message":"Not enough information to create a car","timestamp":"11-06-2023 17:40:27"}
{"component":"user-service","level":"info","message":"Not enough information to create a car","timestamp":"11-06-2023 17:41:34"}
{"component":"user-service","level":"info","message":"Not enough information to create a car","timestamp":"11-06-2023 17:42:50"}
{"component":"user-service","level":"info","message":"Not enough information to create a car","timestamp":"11-06-2023 17:42:53"}
{"component":"user-service","level":"info","message":"no result match the user. Tk hung nhap sai roi","timestamp":"11-06-2023 17:53:38"}
{"component":"user-service","level":"info","message":"no result match the user. Tk hung nhap sai roi","timestamp":"11-06-2023 17:55:54"}
{"component":"user-service","level":"info","message":"Update successfully","timestamp":"11-06-2023 17:56:18"}
{"component":"user-service","level":"error","message":"Username doesn't existed in the db","timestamp":"11-06-2023 18:09:04"}
{"component":"user-service","level":"error","message":"Username doesn't existed in the db","timestamp":"11-06-2023 18:09:04"}
{"component":"user-service","level":"error","message":"Username doesn't existed in the db","timestamp":"11-06-2023 18:09:05"}
{"component":"user-service","level":"error","message":"Username doesn't existed in the db","timestamp":"11-06-2023 18:09:05"}
{"component":"user-service","level":"error","message":"Username doesn't existed in the db","timestamp":"11-06-2023 18:09:27"}
{"component":"user-service","level":"error","message":"Username doesn't existed in the db","timestamp":"11-06-2023 18:09:27"}
{"component":"user-service","level":"info","message":"auth successfully with admin","timestamp":"11-06-2023 18:09:33"}
{"component":"user-service","level":"info","message":"auth successfully with admin","timestamp":"11-06-2023 18:09:37"}
{"component":"user-service","level":"error","message":"Username doesn't existed in the db","timestamp":"11-06-2023 20:14:18"}
{"component":"user-service","level":"error","message":"Username doesn't existed in the db","timestamp":"11-06-2023 20:14:18"}
{"component":"user-service","level":"info","message":"auth successfully with admin","timestamp":"11-06-2023 20:14:24"}
{"component":"user-service","level":"info","message":"auth successfully with admin","timestamp":"11-06-2023 20:14:25"}
{"component":"user-service","level":"error","message":"Username doesn't existed in the db","timestamp":"11-06-2023 20:29:50"}
{"component":"user-service","level":"error","message":"Username doesn't existed in the db","timestamp":"11-06-2023 20:29:50"}
